Compiled application.js  (3ms)  (pid 4900)
Compiled jquery.js  (4ms)  (pid 4900)
Compiled jquery_ujs.js  (0ms)  (pid 4900)
Compiled expedients.js  (75ms)  (pid 4900)
Compiled application.css  (1ms)  (pid 4900)
Compiled expedients.css  (2ms)  (pid 4900)
Compiled scaffolds.css  (17ms)  (pid 4900)
Compiled application.js  (3ms)  (pid 4893)
Compiled jquery.js  (35ms)  (pid 4893)
Compiled jquery_ujs.js  (6ms)  (pid 4893)
Compiled expedients.js  (129ms)  (pid 4893)
Compiled application.css  (1ms)  (pid 4893)
Compiled expedients.css  (2ms)  (pid 4893)
Compiled scaffolds.css  (15ms)  (pid 4893)
Compiled application.js  (3ms)  (pid 4940)
Compiled jquery.js  (4ms)  (pid 4940)
Compiled jquery_ujs.js  (0ms)  (pid 4940)
Compiled expedients.js  (71ms)  (pid 4940)
Compiled application.css  (1ms)  (pid 4940)
Compiled expedients.css  (2ms)  (pid 4940)
Compiled scaffolds.css  (16ms)  (pid 4940)
Compiled application.js  (3ms)  (pid 4934)
Compiled jquery.js  (4ms)  (pid 4934)
Compiled jquery_ujs.js  (0ms)  (pid 4934)
Compiled expedients.js  (74ms)  (pid 4934)
Compiled application.css  (1ms)  (pid 4934)
Compiled expedients.css  (2ms)  (pid 4934)
Compiled scaffolds.css  (16ms)  (pid 4934)
Compiled application.js  (2ms)  (pid 29721)
Compiled jquery.js  (3ms)  (pid 29721)
Compiled jquery_ujs.js  (0ms)  (pid 29721)
Compiled Ajax.js  (1ms)  (pid 29721)
Compiled expedients.js  (76ms)  (pid 29721)
Compiled application.css  (0ms)  (pid 29721)
Compiled expedients.css  (3ms)  (pid 29721)
Compiled scaffolds.css  (22ms)  (pid 29721)
Compiled application.js  (2ms)  (pid 29715)
Compiled jquery.js  (3ms)  (pid 29715)
Compiled jquery_ujs.js  (0ms)  (pid 29715)
Compiled Ajax.js  (1ms)  (pid 29715)
Compiled expedients.js  (95ms)  (pid 29715)
Compiled application.css  (1ms)  (pid 29715)
Compiled expedients.css  (22ms)  (pid 29715)
Compiled scaffolds.css  (38ms)  (pid 29715)
Compiled application.js  (2ms)  (pid 29875)
Compiled jquery.js  (3ms)  (pid 29875)
Compiled jquery_ujs.js  (0ms)  (pid 29875)
Compiled Ajax.js  (0ms)  (pid 29875)
Compiled expedients.js  (171ms)  (pid 29875)
Compiled application.css  (0ms)  (pid 29875)
Compiled expedients.css  (12ms)  (pid 29875)
Compiled scaffolds.css  (33ms)  (pid 29875)
Compiled application.js  (2ms)  (pid 29869)
Compiled jquery.js  (11ms)  (pid 29869)
Compiled jquery_ujs.js  (14ms)  (pid 29869)
Compiled Ajax.js  (0ms)  (pid 29869)
Compiled expedients.js  (112ms)  (pid 29869)
Compiled application.css  (1ms)  (pid 29869)
Compiled expedients.css  (44ms)  (pid 29869)
Compiled scaffolds.css  (24ms)  (pid 29869)
Compiled application.js  (3ms)  (pid 1004)
Compiled jquery.js  (4ms)  (pid 1004)
Compiled jquery_ujs.js  (0ms)  (pid 1004)
Compiled expedients.js  (70ms)  (pid 1004)
Compiled application.css  (1ms)  (pid 1004)
Compiled expedients.css  (2ms)  (pid 1004)
Compiled scaffolds.css  (15ms)  (pid 1004)
Compiled application.js  (10ms)  (pid 998)
Compiled jquery.js  (15ms)  (pid 998)
Compiled jquery_ujs.js  (7ms)  (pid 998)
Compiled expedients.js  (139ms)  (pid 998)
Compiled application.css  (1ms)  (pid 998)
Compiled expedients.css  (2ms)  (pid 998)
Compiled scaffolds.css  (16ms)  (pid 998)
Compiled application.js  (3ms)  (pid 1100)
Compiled jquery.js  (4ms)  (pid 1100)
Compiled jquery_ujs.js  (0ms)  (pid 1100)
Compiled expedients.js  (81ms)  (pid 1100)
Compiled application.css  (1ms)  (pid 1100)
Compiled expedients.css  (2ms)  (pid 1100)
Compiled scaffolds.css  (18ms)  (pid 1100)
Compiled application.js  (5ms)  (pid 1094)
Compiled jquery.js  (4ms)  (pid 1094)
Compiled jquery_ujs.js  (0ms)  (pid 1094)
Compiled expedients.js  (101ms)  (pid 1094)
Compiled application.css  (1ms)  (pid 1094)
Compiled expedients.css  (2ms)  (pid 1094)
Compiled scaffolds.css  (18ms)  (pid 1094)
Compiled application.js  (3ms)  (pid 935)
Compiled jquery.js  (4ms)  (pid 935)
Compiled jquery_ujs.js  (0ms)  (pid 935)
Compiled expedients.js  (70ms)  (pid 935)
Compiled application.css  (1ms)  (pid 935)
Compiled expedients.css  (2ms)  (pid 935)
Compiled scaffolds.css  (16ms)  (pid 935)
Compiled application.js  (17ms)  (pid 929)
Compiled jquery.js  (16ms)  (pid 929)
Compiled jquery_ujs.js  (7ms)  (pid 929)
Compiled expedients.js  (119ms)  (pid 929)
Compiled application.css  (1ms)  (pid 929)
Compiled expedients.css  (2ms)  (pid 929)
Compiled scaffolds.css  (39ms)  (pid 929)
Compiled application.js  (4ms)  (pid 941)
Compiled jquery.js  (4ms)  (pid 941)
Compiled jquery_ujs.js  (0ms)  (pid 941)
Compiled expedients.js  (72ms)  (pid 941)
Compiled gremios.js  (0ms)  (pid 941)
Compiled application.css  (2ms)  (pid 941)
Compiled expedients.css  (2ms)  (pid 941)
Compiled gremios.css  (1ms)  (pid 941)
Compiled scaffolds.css  (100ms)  (pid 941)
Compiled application.js  (99ms)  (pid 933)
Compiled jquery.js  (6ms)  (pid 933)
Compiled jquery_ujs.js  (22ms)  (pid 933)
Compiled expedients.js  (134ms)  (pid 933)
Compiled gremios.js  (0ms)  (pid 933)
Compiled application.css  (2ms)  (pid 933)
Compiled expedients.css  (15ms)  (pid 933)
Compiled gremios.css  (1ms)  (pid 933)
Compiled scaffolds.css  (108ms)  (pid 933)
Compiled application.js  (3ms)  (pid 708)
Compiled jquery.js  (4ms)  (pid 708)
Compiled jquery_ujs.js  (0ms)  (pid 708)
Compiled expedients.js  (71ms)  (pid 708)
Compiled gremios.js  (0ms)  (pid 708)
Compiled application.css  (2ms)  (pid 708)
Compiled expedients.css  (2ms)  (pid 708)
Compiled gremios.css  (1ms)  (pid 708)
Compiled scaffolds.css  (52ms)  (pid 708)
Compiled application.js  (32ms)  (pid 702)
Compiled jquery.js  (21ms)  (pid 702)
Compiled jquery_ujs.js  (7ms)  (pid 702)
Compiled expedients.js  (133ms)  (pid 702)
Compiled gremios.js  (15ms)  (pid 702)
Compiled application.css  (2ms)  (pid 702)
Compiled expedients.css  (2ms)  (pid 702)
Compiled gremios.css  (1ms)  (pid 702)
Compiled scaffolds.css  (94ms)  (pid 702)
Compiled application.js  (4ms)  (pid 1506)
Compiled jquery.js  (4ms)  (pid 1506)
Compiled jquery_ujs.js  (0ms)  (pid 1506)
Compiled expedients.js  (71ms)  (pid 1506)
Compiled gremios.js  (0ms)  (pid 1506)
Compiled application.css  (1ms)  (pid 1506)
Compiled expedients.css  (1ms)  (pid 1506)
Compiled gremios.css  (1ms)  (pid 1506)
Compiled scaffolds.css  (96ms)  (pid 1506)
Compiled application.js  (15ms)  (pid 1500)
Compiled jquery.js  (15ms)  (pid 1500)
Compiled jquery_ujs.js  (5ms)  (pid 1500)
Compiled expedients.js  (176ms)  (pid 1500)
Compiled gremios.js  (13ms)  (pid 1500)
Compiled application.css  (2ms)  (pid 1500)
Compiled expedients.css  (13ms)  (pid 1500)
Compiled gremios.css  (1ms)  (pid 1500)
Compiled scaffolds.css  (56ms)  (pid 1500)
